<?xml version="1.0" encoding="UTF-8"?>
<testsuite xmlns:xsi="http://www.w3.org/2001/XMLSchema-instance" xsi:noNamespaceSchemaLocation="https://maven.apache.org/surefire/maven-surefire-plugin/xsd/surefire-test-report.xsd" name="org.Test_Runner.Test_Run" time="62.985" tests="40" errors="0" skipped="0" failures="0">
  <properties>
    <property name="sun.desktop" value="windows"/>
    <property name="awt.toolkit" value="sun.awt.windows.WToolkit"/>
    <property name="file.encoding.pkg" value="sun.io"/>
    <property name="java.specification.version" value="1.8"/>
    <property name="sun.cpu.isalist" value="amd64"/>
    <property name="sun.jnu.encoding" value="Cp1252"/>
    <property name="java.class.path" value="E:\Eclipse\Selenium-Java\Adactin_Project\target\test-classes;E:\Eclipse\Selenium-Java\Adactin_Project\target\classes;C:\Users\spraks99\.m2\repository\junit\junit\4.12\junit-4.12.jar;C:\Users\spraks99\.m2\repository\org\hamcrest\hamcrest-core\1.3\hamcrest-core-1.3.jar;C:\Users\spraks99\.m2\repository\org\seleniumhq\selenium\selenium-server\3.141.59\selenium-server-3.141.59.jar;C:\Users\spraks99\.m2\repository\org\seleniumhq\selenium\selenium-java\3.141.59\selenium-java-3.141.59.jar;C:\Users\spraks99\.m2\repository\org\seleniumhq\selenium\selenium-api\3.141.59\selenium-api-3.141.59.jar;C:\Users\spraks99\.m2\repository\org\seleniumhq\selenium\selenium-chrome-driver\3.141.59\selenium-chrome-driver-3.141.59.jar;C:\Users\spraks99\.m2\repository\org\seleniumhq\selenium\selenium-edge-driver\3.141.59\selenium-edge-driver-3.141.59.jar;C:\Users\spraks99\.m2\repository\org\seleniumhq\selenium\selenium-firefox-driver\3.141.59\selenium-firefox-driver-3.141.59.jar;C:\Users\spraks99\.m2\repository\org\seleniumhq\selenium\selenium-ie-driver\3.141.59\selenium-ie-driver-3.141.59.jar;C:\Users\spraks99\.m2\repository\org\seleniumhq\selenium\selenium-opera-driver\3.141.59\selenium-opera-driver-3.141.59.jar;C:\Users\spraks99\.m2\repository\org\seleniumhq\selenium\selenium-remote-driver\3.141.59\selenium-remote-driver-3.141.59.jar;C:\Users\spraks99\.m2\repository\org\seleniumhq\selenium\selenium-safari-driver\3.141.59\selenium-safari-driver-3.141.59.jar;C:\Users\spraks99\.m2\repository\org\seleniumhq\selenium\selenium-support\3.141.59\selenium-support-3.141.59.jar;C:\Users\spraks99\.m2\repository\com\beust\jcommander\1.72\jcommander-1.72.jar;C:\Users\spraks99\.m2\repository\net\bytebuddy\byte-buddy\1.8.15\byte-buddy-1.8.15.jar;C:\Users\spraks99\.m2\repository\org\apache\commons\commons-exec\1.3\commons-exec-1.3.jar;C:\Users\spraks99\.m2\repository\com\google\guava\guava\25.0-jre\guava-25.0-jre.jar;C:\Users\spraks99\.m2\repository\com\google\code\findbugs\jsr305\1.3.9\jsr305-1.3.9.jar;C:\Users\spraks99\.m2\repository\org\checkerframework\checker-compat-qual\2.0.0\checker-compat-qual-2.0.0.jar;C:\Users\spraks99\.m2\repository\com\google\errorprone\error_prone_annotations\2.1.3\error_prone_annotations-2.1.3.jar;C:\Users\spraks99\.m2\repository\com\google\j2objc\j2objc-annotations\1.1\j2objc-annotations-1.1.jar;C:\Users\spraks99\.m2\repository\org\codehaus\mojo\animal-sniffer-annotations\1.14\animal-sniffer-annotations-1.14.jar;C:\Users\spraks99\.m2\repository\net\jcip\jcip-annotations\1.0\jcip-annotations-1.0.jar;C:\Users\spraks99\.m2\repository\org\seleniumhq\selenium\jetty-repacked\9.4.12.v20180830\jetty-repacked-9.4.12.v20180830.jar;C:\Users\spraks99\.m2\repository\com\squareup\okhttp3\okhttp\3.11.0\okhttp-3.11.0.jar;C:\Users\spraks99\.m2\repository\com\squareup\okio\okio\1.14.0\okio-1.14.0.jar;C:\Users\spraks99\.m2\repository\javax\servlet\javax.servlet-api\3.1.0\javax.servlet-api-3.1.0.jar;C:\Users\spraks99\.m2\repository\org\yaml\snakeyaml\1.19\snakeyaml-1.19.jar;C:\Users\spraks99\.m2\repository\commons-io\commons-io\2.11.0\commons-io-2.11.0.jar;C:\Users\spraks99\.m2\repository\info\cukes\cucumber-junit\1.2.5\cucumber-junit-1.2.5.jar;C:\Users\spraks99\.m2\repository\info\cukes\cucumber-java\1.2.5\cucumber-java-1.2.5.jar;C:\Users\spraks99\.m2\repository\info\cukes\cucumber-core\1.2.5\cucumber-core-1.2.5.jar;C:\Users\spraks99\.m2\repository\info\cukes\cucumber-html\0.2.3\cucumber-html-0.2.3.jar;C:\Users\spraks99\.m2\repository\info\cukes\cucumber-jvm-deps\1.0.5\cucumber-jvm-deps-1.0.5.jar;C:\Users\spraks99\.m2\repository\info\cukes\gherkin\2.12.2\gherkin-2.12.2.jar;C:\Users\spraks99\.m2\repository\com\vimalselvam\cucumber-extentsreport\3.0.2\cucumber-extentsreport-3.0.2.jar;C:\Users\spraks99\.m2\repository\com\aventstack\extentreports\5.0.9\extentreports-5.0.9.jar;C:\Users\spraks99\.m2\repository\io\reactivex\rxjava3\rxjava\3.0.4\rxjava-3.0.4.jar;C:\Users\spraks99\.m2\repository\org\reactivestreams\reactive-streams\1.0.3\reactive-streams-1.0.3.jar;C:\Users\spraks99\.m2\repository\org\freemarker\freemarker\2.3.30\freemarker-2.3.30.jar;C:\Users\spraks99\.m2\repository\org\projectlombok\lombok\1.18.12\lombok-1.18.12.jar;C:\Users\spraks99\.m2\repository\com\google\code\gson\gson\2.8.6\gson-2.8.6.jar;C:\Users\spraks99\.m2\repository\log4j\log4j\1.2.17\log4j-1.2.17.jar;"/>
    <property name="java.vm.vendor" value="Oracle Corporation"/>
    <property name="sun.arch.data.model" value="64"/>
    <property name="user.variant" value=""/>
    <property name="java.vendor.url" value="http://java.oracle.com/"/>
    <property name="user.timezone" value="Asia/Calcutta"/>
    <property name="java.vm.specification.version" value="1.8"/>
    <property name="os.name" value="Windows 10"/>
    <property name="user.country" value="US"/>
    <property name="sun.java.launcher" value="SUN_STANDARD"/>
    <property name="sun.boot.library.path" value="C:\Program Files\Java\jre1.8.0_281\bin"/>
    <property name="sun.java.command" value="C:\Users\spraks99\AppData\Local\Temp\surefire8342281985590658614\surefirebooter2657010572069967938.jar C:\Users\spraks99\AppData\Local\Temp\surefire8342281985590658614 2021-10-05T13-01-11_417-jvmRun1 surefire3634199690969564560tmp surefire_06916457325130241946tmp"/>
    <property name="surefire.test.class.path" value="E:\Eclipse\Selenium-Java\Adactin_Project\target\test-classes;E:\Eclipse\Selenium-Java\Adactin_Project\target\classes;C:\Users\spraks99\.m2\repository\junit\junit\4.12\junit-4.12.jar;C:\Users\spraks99\.m2\repository\org\hamcrest\hamcrest-core\1.3\hamcrest-core-1.3.jar;C:\Users\spraks99\.m2\repository\org\seleniumhq\selenium\selenium-server\3.141.59\selenium-server-3.141.59.jar;C:\Users\spraks99\.m2\repository\org\seleniumhq\selenium\selenium-java\3.141.59\selenium-java-3.141.59.jar;C:\Users\spraks99\.m2\repository\org\seleniumhq\selenium\selenium-api\3.141.59\selenium-api-3.141.59.jar;C:\Users\spraks99\.m2\repository\org\seleniumhq\selenium\selenium-chrome-driver\3.141.59\selenium-chrome-driver-3.141.59.jar;C:\Users\spraks99\.m2\repository\org\seleniumhq\selenium\selenium-edge-driver\3.141.59\selenium-edge-driver-3.141.59.jar;C:\Users\spraks99\.m2\repository\org\seleniumhq\selenium\selenium-firefox-driver\3.141.59\selenium-firefox-driver-3.141.59.jar;C:\Users\spraks99\.m2\repository\org\seleniumhq\selenium\selenium-ie-driver\3.141.59\selenium-ie-driver-3.141.59.jar;C:\Users\spraks99\.m2\repository\org\seleniumhq\selenium\selenium-opera-driver\3.141.59\selenium-opera-driver-3.141.59.jar;C:\Users\spraks99\.m2\repository\org\seleniumhq\selenium\selenium-remote-driver\3.141.59\selenium-remote-driver-3.141.59.jar;C:\Users\spraks99\.m2\repository\org\seleniumhq\selenium\selenium-safari-driver\3.141.59\selenium-safari-driver-3.141.59.jar;C:\Users\spraks99\.m2\repository\org\seleniumhq\selenium\selenium-support\3.141.59\selenium-support-3.141.59.jar;C:\Users\spraks99\.m2\repository\com\beust\jcommander\1.72\jcommander-1.72.jar;C:\Users\spraks99\.m2\repository\net\bytebuddy\byte-buddy\1.8.15\byte-buddy-1.8.15.jar;C:\Users\spraks99\.m2\repository\org\apache\commons\commons-exec\1.3\commons-exec-1.3.jar;C:\Users\spraks99\.m2\repository\com\google\guava\guava\25.0-jre\guava-25.0-jre.jar;C:\Users\spraks99\.m2\repository\com\google\code\findbugs\jsr305\1.3.9\jsr305-1.3.9.jar;C:\Users\spraks99\.m2\repository\org\checkerframework\checker-compat-qual\2.0.0\checker-compat-qual-2.0.0.jar;C:\Users\spraks99\.m2\repository\com\google\errorprone\error_prone_annotations\2.1.3\error_prone_annotations-2.1.3.jar;C:\Users\spraks99\.m2\repository\com\google\j2objc\j2objc-annotations\1.1\j2objc-annotations-1.1.jar;C:\Users\spraks99\.m2\repository\org\codehaus\mojo\animal-sniffer-annotations\1.14\animal-sniffer-annotations-1.14.jar;C:\Users\spraks99\.m2\repository\net\jcip\jcip-annotations\1.0\jcip-annotations-1.0.jar;C:\Users\spraks99\.m2\repository\org\seleniumhq\selenium\jetty-repacked\9.4.12.v20180830\jetty-repacked-9.4.12.v20180830.jar;C:\Users\spraks99\.m2\repository\com\squareup\okhttp3\okhttp\3.11.0\okhttp-3.11.0.jar;C:\Users\spraks99\.m2\repository\com\squareup\okio\okio\1.14.0\okio-1.14.0.jar;C:\Users\spraks99\.m2\repository\javax\servlet\javax.servlet-api\3.1.0\javax.servlet-api-3.1.0.jar;C:\Users\spraks99\.m2\repository\org\yaml\snakeyaml\1.19\snakeyaml-1.19.jar;C:\Users\spraks99\.m2\repository\commons-io\commons-io\2.11.0\commons-io-2.11.0.jar;C:\Users\spraks99\.m2\repository\info\cukes\cucumber-junit\1.2.5\cucumber-junit-1.2.5.jar;C:\Users\spraks99\.m2\repository\info\cukes\cucumber-java\1.2.5\cucumber-java-1.2.5.jar;C:\Users\spraks99\.m2\repository\info\cukes\cucumber-core\1.2.5\cucumber-core-1.2.5.jar;C:\Users\spraks99\.m2\repository\info\cukes\cucumber-html\0.2.3\cucumber-html-0.2.3.jar;C:\Users\spraks99\.m2\repository\info\cukes\cucumber-jvm-deps\1.0.5\cucumber-jvm-deps-1.0.5.jar;C:\Users\spraks99\.m2\repository\info\cukes\gherkin\2.12.2\gherkin-2.12.2.jar;C:\Users\spraks99\.m2\repository\com\vimalselvam\cucumber-extentsreport\3.0.2\cucumber-extentsreport-3.0.2.jar;C:\Users\spraks99\.m2\repository\com\aventstack\extentreports\5.0.9\extentreports-5.0.9.jar;C:\Users\spraks99\.m2\repository\io\reactivex\rxjava3\rxjava\3.0.4\rxjava-3.0.4.jar;C:\Users\spraks99\.m2\repository\org\reactivestreams\reactive-streams\1.0.3\reactive-streams-1.0.3.jar;C:\Users\spraks99\.m2\repository\org\freemarker\freemarker\2.3.30\freemarker-2.3.30.jar;C:\Users\spraks99\.m2\repository\org\projectlombok\lombok\1.18.12\lombok-1.18.12.jar;C:\Users\spraks99\.m2\repository\com\google\code\gson\gson\2.8.6\gson-2.8.6.jar;C:\Users\spraks99\.m2\repository\log4j\log4j\1.2.17\log4j-1.2.17.jar;"/>
    <property name="sun.cpu.endian" value="little"/>
    <property name="user.home" value="C:\Users\spraks99"/>
    <property name="user.language" value="en"/>
    <property name="java.specification.vendor" value="Oracle Corporation"/>
    <property name="java.home" value="C:\Program Files\Java\jre1.8.0_281"/>
    <property name="basedir" value="E:\Eclipse\Selenium-Java\Adactin_Project"/>
    <property name="file.separator" value="\"/>
    <property name="line.separator" value="&#10;"/>
    <property name="java.vm.specification.vendor" value="Oracle Corporation"/>
    <property name="java.specification.name" value="Java Platform API Specification"/>
    <property name="java.awt.graphicsenv" value="sun.awt.Win32GraphicsEnvironment"/>
    <property name="surefire.real.class.path" value="C:\Users\spraks99\AppData\Local\Temp\surefire8342281985590658614\surefirebooter2657010572069967938.jar"/>
    <property name="sun.boot.class.path" value="C:\Program Files\Java\jre1.8.0_281\lib\resources.jar;C:\Program Files\Java\jre1.8.0_281\lib\rt.jar;C:\Program Files\Java\jre1.8.0_281\lib\sunrsasign.jar;C:\Program Files\Java\jre1.8.0_281\lib\jsse.jar;C:\Program Files\Java\jre1.8.0_281\lib\jce.jar;C:\Program Files\Java\jre1.8.0_281\lib\charsets.jar;C:\Program Files\Java\jre1.8.0_281\lib\jfr.jar;C:\Program Files\Java\jre1.8.0_281\classes"/>
    <property name="user.script" value=""/>
    <property name="sun.management.compiler" value="HotSpot 64-Bit Tiered Compilers"/>
    <property name="java.runtime.version" value="1.8.0_281-b09"/>
    <property name="user.name" value="spraks99"/>
    <property name="path.separator" value=";"/>
    <property name="os.version" value="10.0"/>
    <property name="java.endorsed.dirs" value="C:\Program Files\Java\jre1.8.0_281\lib\endorsed"/>
    <property name="java.runtime.name" value="Java(TM) SE Runtime Environment"/>
    <property name="file.encoding" value="Cp1252"/>
    <property name="java.vm.name" value="Java HotSpot(TM) 64-Bit Server VM"/>
    <property name="localRepository" value="C:\Users\spraks99\.m2\repository"/>
    <property name="java.vendor.url.bug" value="http://bugreport.sun.com/bugreport/"/>
    <property name="java.io.tmpdir" value="C:\Users\spraks99\AppData\Local\Temp\"/>
    <property name="java.version" value="1.8.0_281"/>
    <property name="user.dir" value="E:\Eclipse\Selenium-Java\Adactin_Project"/>
    <property name="os.arch" value="amd64"/>
    <property name="java.vm.specification.name" value="Java Virtual Machine Specification"/>
    <property name="java.awt.printerjob" value="sun.awt.windows.WPrinterJob"/>
    <property name="sun.os.patch.level" value=""/>
    <property name="java.library.path" value="C:\Program Files\Java\jre1.8.0_281\bin;C:\Windows\Sun\Java\bin;C:\Windows\system32;C:\Windows;C:/Program Files/Java/jre1.8.0_281/bin/server;C:/Program Files/Java/jre1.8.0_281/bin;C:/Program Files/Java/jre1.8.0_281/lib/amd64;C:\Program Files (x86)\Common Files\Oracle\Java\javapath;C:\Program Files (x86)\Common Files\Oracle\Java;C:\oraclexe\app\oracle\product\10.2.0\server\bin;C:\ProgramData\Oracle\Java\javapath;C:\Program Files (x86)\Java\jdk1.8.0_91;C:\Program Files (x86)\Brackets\command;C:\Program Files\Amazon\AWSCLIV2\;E:\apache-maven-3.8.2-bin\apache-maven-3.8.2\bin;C:\Program Files\Git\cmd;C:\Users\spraks99\AppData\Local\Programs\Python\Python39\Scripts\;C:\Users\spraks99\AppData\Local\Programs\Python\Python39\;C:\Users\spraks99\AppData\Local\Microsoft\WindowsApps;C:\Program Files (x86)\Java\jdk1.8.0_91\bin;;C:\Users\spraks99\Desktop;;."/>
    <property name="java.vm.info" value="mixed mode"/>
    <property name="java.vendor" value="Oracle Corporation"/>
    <property name="java.vm.version" value="25.281-b09"/>
    <property name="java.ext.dirs" value="C:\Program Files\Java\jre1.8.0_281\lib\ext;C:\Windows\Sun\Java\lib\ext"/>
    <property name="sun.io.unicode.encoding" value="UnicodeLittle"/>
    <property name="java.class.version" value="52.0"/>
  </properties>
  <testcase name="Given user Lanuch The Applications" classname="| Advija | Advi@123 |" time="0.008"/>
  <testcase name="When user Enter The &quot;Advija&quot; In Username Field" classname="| Advija | Advi@123 |" time="0"/>
  <testcase name="And user Enter The &quot;Advi@123&quot; In Password Field" classname="| Advija | Advi@123 |" time="0"/>
  <testcase name="Then user Click The Login Button And It Navigate To The Select Hotel Page" classname="| Advija | Advi@123 |" time="0"/>
  <testcase name="| Advija | Advi@123 |" classname="| Advija | Advi@123 |" time="0"/>
  <testcase name="Given user Lanuch The Applications" classname="| Alpha | Alpha@123 |" time="0"/>
  <testcase name="When user Enter The &quot;Alpha&quot; In Username Field" classname="| Alpha | Alpha@123 |" time="0"/>
  <testcase name="And user Enter The &quot;Alpha@123&quot; In Password Field" classname="| Alpha | Alpha@123 |" time="0"/>
  <testcase name="Then user Click The Login Button And It Navigate To The Select Hotel Page" classname="| Alpha | Alpha@123 |" time="0"/>
  <testcase name="| Alpha | Alpha@123 |" classname="| Alpha | Alpha@123 |" time="0"/>
  <testcase name="Given user Lanuch The Applications" classname="| vinilakumar | vinila@123 |" time="0"/>
  <testcase name="When user Enter The &quot;vinilakumar&quot; In Username Field" classname="| vinilakumar | vinila@123 |" time="0"/>
  <testcase name="And user Enter The &quot;vinila@123&quot; In Password Field" classname="| vinilakumar | vinila@123 |" time="0"/>
  <testcase name="Then user Click The Login Button And It Navigate To The Select Hotel Page" classname="| vinilakumar | vinila@123 |" time="0"/>
  <testcase name="| vinilakumar | vinila@123 |" classname="| vinilakumar | vinila@123 |" time="0"/>
  <testcase name="When user Select The Hotel Location" classname="Scenario: Search Hotel Page" time="0"/>
  <testcase name="And user Select &quot;Hotel Hervey&quot;" classname="Scenario: Search Hotel Page" time="0"/>
  <testcase name="And user Select Room Type" classname="Scenario: Search Hotel Page" time="0"/>
  <testcase name="And user Select Number of Numbers" classname="Scenario: Search Hotel Page" time="0"/>
  <testcase name="And user Enter The Check IN Date" classname="Scenario: Search Hotel Page" time="0"/>
  <testcase name="And user Enter The Check Out Date" classname="Scenario: Search Hotel Page" time="0"/>
  <testcase name="And user Select Adult Room" classname="Scenario: Search Hotel Page" time="0"/>
  <testcase name="And User Select Child Room" classname="Scenario: Search Hotel Page" time="0"/>
  <testcase name="Then user Click Search a Hotel And Navigate To Select Hotel Page" classname="Scenario: Search Hotel Page" time="0"/>
  <testcase name="Scenario: Search Hotel Page" classname="Scenario: Search Hotel Page" time="0"/>
  <testcase name="When user Click On The Radio Button Select Hotel On Given A List" classname="Scenario: Select Hotel Page" time="0"/>
  <testcase name="Then user Click A Continue Button And Navigate To Book Hotel Page" classname="Scenario: Select Hotel Page" time="0"/>
  <testcase name="Scenario: Select Hotel Page" classname="Scenario: Select Hotel Page" time="0"/>
  <testcase name="When user Enter A First Name On The Fname Field" classname="Scenario: Book Hotel Page" time="0"/>
  <testcase name="And user Enter A Last Name On The Lname Field" classname="Scenario: Book Hotel Page" time="0"/>
  <testcase name="And user Enter A Address On The Billing Address Field" classname="Scenario: Book Hotel Page" time="0"/>
  <testcase name="And user Enter A Card Number In Credit Card No Field" classname="Scenario: Book Hotel Page" time="0.024"/>
  <testcase name="And user Select A Card Type In Card Type Field" classname="Scenario: Book Hotel Page" time="0"/>
  <testcase name="And user Select A Exprie Month In Exp Month Field" classname="Scenario: Book Hotel Page" time="0"/>
  <testcase name="And user Select A Exprie Year In Exp Year Field" classname="Scenario: Book Hotel Page" time="0"/>
  <testcase name="And user Enter A CVV No In CVV Field" classname="Scenario: Book Hotel Page" time="0"/>
  <testcase name="Then user Click A BooK Now Button And Its Navigate To Booking Confirmation Page" classname="Scenario: Book Hotel Page" time="0"/>
  <testcase name="Scenario: Book Hotel Page" classname="Scenario: Book Hotel Page" time="0"/>
  <testcase name="When user Click The My Itinerary Button And Navigate To Booked Itinerary Page" classname="Scenario: Booking Confirmation" time="0"/>
  <testcase name="Scenario: Booking Confirmation" classname="Scenario: Booking Confirmation" time="0"/>
</testsuite>