<?xml version="1.0" encoding="UTF-8"?>
<!-- Generated by org.testng.reporters.JUnitReportReporter -->
<testsuite skipped="0" hostname="DESKTOP-TG3D4HK" name="org.TestNG_Runner.TestNG_Runner" tests="6" failures="0" timestamp="2021-10-05T12:38:33 IST" time="39.884" errors="0">
  <testcase name="home_page" time="13.042" classname="org.TestNG_Runner.TestNG_Runner"/>
  <system-out/>
  <testcase name="search_hotel" time="6.895" classname="org.TestNG_Runner.TestNG_Runner"/>
  <system-out/>
  <testcase name="select_hotel" time="2.120" classname="org.TestNG_Runner.TestNG_Runner"/>
  <system-out/>
  <testcase name="booK_hotel" time="5.130" classname="org.TestNG_Runner.TestNG_Runner"/>
  <system-out/>
  <testcase name="book_confirm" time="12.124" classname="org.TestNG_Runner.TestNG_Runner"/>
  <system-out/>
  <testcase name="Browser_Close" time="0.573" classname="org.TestNG_Runner.TestNG_Runner"/>
  <system-out/>
</testsuite> <!-- org.TestNG_Runner.TestNG_Runner -->
